<?xml version="1.0" encoding="UTF-8"?>
<!-- Generated by org.testng.reporters.JUnitXMLReporter -->
<testsuite ignored="2" hostname="OLDI" failures="0" tests="3" name="Surefire test" time="0.299" errors="0" timestamp="2022-10-21T14:14:11 MSK">
  <testcase classname="demoCitrus.SampleJavaIT" name="echoToday" time="0.042"/>
  <testcase classname="demoCitrus.SampleJavaIT" name="sayHello" time="0.006"/>
  <testcase classname="demoCitrus.SampleXmlIT" name="sampleXml" time="0.18"/>
  <testcase classname="com.consol.citrus.testng.TestNGSuiteListener" name="@BeforeSuite beforeSuite" time="0.0">
    <ignored/>
  </testcase> <!-- @BeforeSuite beforeSuite -->
  <testcase classname="com.consol.citrus.testng.TestNGSuiteListener" name="@AfterSuite afterSuite" time="0.0">
    <ignored/>
  </testcase> <!-- @AfterSuite afterSuite -->
</testsuite> <!-- Surefire test -->
